<?xml version="1.0" encoding="UTF-8"?>
<!-- Generated by org.testng.reporters.JUnitReportReporter -->
<testsuite skipped="0" hostname="DESKTOP-VMNQCVL" name="tests.TestRegistrationExcel" tests="3" failures="0" timestamp="2022-06-03T20:32:10 EET" time="19.656" errors="0">
  <testcase name="Register" time="5.035" classname="tests.TestRegistrationExcel"/>
  <system-out/>
  <testcase name="Register" time="6.237" classname="tests.TestRegistrationExcel"/>
  <system-out/>
  <testcase name="Register" time="8.384" classname="tests.TestRegistrationExcel"/>
  <system-out/>
</testsuite> <!-- tests.TestRegistrationExcel -->
