<?xml version="1.0" encoding="UTF-8"?>
<!-- Generated by org.testng.reporters.JUnitReportReporter -->
<testsuite skipped="0" hostname="DESKTOP-VMNQCVL" name="tests.TestRegistrationCSV" tests="1" failures="0" timestamp="2022-05-29T16:50:10 EET" time="44.627" errors="0">
  <testcase name="Register" time="44.627" classname="tests.TestRegistrationCSV"/>
  <system-out/>
</testsuite> <!-- tests.TestRegistrationCSV -->
