<?xml version="1.0" encoding="UTF-8"?>
<!-- Generated by org.testng.reporters.JUnitReportReporter -->
<testsuite skipped="0" hostname="DESKTOP-VMNQCVL" name="tests.TestRegistrationJAVAFAKER" tests="1" failures="0" timestamp="2022-06-03T23:48:02 EET" time="2.087" errors="0">
  <testcase name="Register" time="2.087" classname="tests.TestRegistrationJAVAFAKER"/>
  <system-out/>
</testsuite> <!-- tests.TestRegistrationJAVAFAKER -->
