<?xml version="1.0" encoding="UTF-8"?>
<!-- Generated by org.testng.reporters.JUnitReportReporter -->
<testsuite skipped="0" hostname="DESKTOP-VMNQCVL" name="TestHomePage" tests="1" failures="0" timestamp="2022-05-27T14:32:47 EET" time="0.106" errors="0">
  <testcase name="testNumberOfLinks" time="0.106" classname="TestHomePage"/>
  <system-out/>
</testsuite> <!-- TestHomePage -->
