<?xml version="1.0" encoding="UTF-8"?>
<!-- Generated by org.testng.reporters.JUnitReportReporter -->
<testsuite skipped="0" hostname="DESKTOP-VMNQCVL" name="tests.TestLoginPage" tests="1" failures="0" timestamp="2022-05-29T14:53:08 EET" time="2.805" errors="0">
  <testcase name="login" time="2.805" classname="tests.TestLoginPage"/>
  <system-out/>
</testsuite> <!-- tests.TestLoginPage -->
