<?xml version="1.0" encoding="UTF-8"?>
<!-- Generated by org.testng.reporters.JUnitReportReporter -->
<testsuite skipped="0" hostname="DESKTOP-VMNQCVL" name="TestRegisteration" tests="1" failures="0" timestamp="2022-05-27T16:06:23 EET" time="2.096" errors="0">
  <testcase name="Register" time="2.096" classname="TestRegisteration"/>
  <system-out/>
</testsuite> <!-- TestRegisteration -->
