<?xml version="1.0" encoding="UTF-8"?>
<!-- Generated by org.testng.reporters.JUnitReportReporter -->
<testsuite skipped="0" hostname="DESKTOP-VMNQCVL" name="tests.TestHomePage" tests="1" failures="0" timestamp="2022-06-03T20:32:10 EET" time="0.078" errors="0">
  <testcase name="testNumberOfLinks" time="0.078" classname="tests.TestHomePage"/>
  <system-out/>
</testsuite> <!-- tests.TestHomePage -->
