<?xml version="1.0" encoding="UTF-8"?>
<!-- Generated by org.testng.reporters.JUnitReportReporter -->
<testsuite skipped="0" hostname="DESKTOP-VMNQCVL" name="tests.TestRegistration" tests="1" failures="0" timestamp="2022-05-29T14:02:37 EET" time="2.895" errors="0">
  <testcase name="Register" time="2.895" classname="tests.TestRegistration"/>
  <system-out/>
</testsuite> <!-- tests.TestRegistration -->
