<?xml version="1.0" encoding="UTF-8"?>
<!-- Generated by org.testng.reporters.JUnitReportReporter -->
<testsuite skipped="0" hostname="DESKTOP-VMNQCVL" name="TestHomePage" tests="1" failures="0" timestamp="2022-05-23T15:58:27 EET" time="0.047" errors="0">
  <testcase name="testNumberOfLinks" time="0.047" classname="TestHomePage"/>
  <system-out/>
</testsuite> <!-- TestHomePage -->
