<?xml version="1.0" encoding="UTF-8"?>
<!-- Generated by org.testng.reporters.JUnitReportReporter -->
<testsuite skipped="0" hostname="DESKTOP-VMNQCVL" name="tests.TestRegistrationExcel" tests="3" failures="0" timestamp="2022-05-29T15:41:43 EET" time="12.816" errors="0">
  <testcase name="Register" time="4.171" classname="tests.TestRegistrationExcel"/>
  <system-out/>
  <testcase name="Register" time="3.817" classname="tests.TestRegistrationExcel"/>
  <system-out/>
  <testcase name="Register" time="4.828" classname="tests.TestRegistrationExcel"/>
  <system-out/>
</testsuite> <!-- tests.TestRegistrationExcel -->
