<?xml version="1.0" encoding="UTF-8"?>
<!-- Generated by org.testng.reporters.JUnitReportReporter -->
<testsuite skipped="0" hostname="DESKTOP-VMNQCVL" name="tests.TestRegistrationExcel" tests="3" failures="0" timestamp="2022-05-29T15:35:23 EET" time="11.820" errors="0">
  <testcase name="Register" time="3.581" classname="tests.TestRegistrationExcel"/>
  <system-out/>
  <testcase name="Register" time="4.332" classname="tests.TestRegistrationExcel"/>
  <system-out/>
  <testcase name="Register" time="3.907" classname="tests.TestRegistrationExcel"/>
  <system-out/>
</testsuite> <!-- tests.TestRegistrationExcel -->
